生成启动时间为 2016/10/29 22:15:41。
     1>项目“D:\新车代码以及文件\障碍物代码\FastDPM\FastDPM\FastDPM.vcxproj”在节点 2 上(Rebuild 个目标)。
     1>ClCompile:
         C:\Program Files (x86)\Microsoft Visual Studio 12.0\VC\bin\CL.exe /c /I"D:\Opencv\Pre-built.2\include" /ZI /nologo /W0 /WX- /sdl /Od /Oy- /D WIN32 /D _DEBUG /D _CONSOLE /D _LIB /D _CRT_SECURE_NO_WARNINGS /D _UNICODE /D UNICODE /Gm /EHsc /RTC1 /MDd /GS /Zc:wchar_t /Zc:forScope /Yc"stdafx.h" /Fp"Debug\FastDPM.pch" /Fo"Debug\\" /Fd"Debug\vc120.pdb" /Gd /TP /analyze- /errorReport:prompt stdafx.cpp
         stdafx.cpp
         C:\Program Files (x86)\Microsoft Visual Studio 12.0\VC\bin\CL.exe /c /I"D:\Opencv\Pre-built.2\include" /ZI /nologo /W0 /WX- /sdl /Od /Oy- /D WIN32 /D _DEBUG /D _CONSOLE /D _LIB /D _CRT_SECURE_NO_WARNINGS /D _UNICODE /D UNICODE /Gm /EHsc /RTC1 /MDd /GS /Zc:wchar_t /Zc:forScope /Yu"stdafx.h" /Fp"Debug\FastDPM.pch" /Fo"Debug\\" /Fd"Debug\vc120.pdb" /Gd /TP /analyze- /errorReport:prompt FastDPM.cpp loadPyramid.cpp main.cpp yuStdDirFiles.cpp
         yuStdDirFiles.cpp
         main.cpp
         loadPyramid.cpp
         FastDPM.cpp
         正在生成代码...
       Link:
         C:\Program Files (x86)\Microsoft Visual Studio 12.0\VC\bin\link.exe /ERRORREPORT:PROMPT /OUT:"D:\新车代码以及文件\障碍物代码\FastDPM\Debug\FastDPM.exe" /INCREMENTAL /NOLOGO /LIBPATH:"D:\Opencv\Pre-built.2\lib\x86" /LIBPATH:D:\Opencv\opencv2.4.13\opencv\build\x86\vc12\lib /LIBPATH:D:\Opencv\tbb43_20141204oss\lib\intel64\vc12 /LIBPATH:"C:\Program Files\NVIDIA GPU Computing Toolkit\CUDA\v8.0\lib\Win32" pthreadVC2.lib pthreadVCE2.lib pthreadVSE2.lib cublas.lib cublas_device.lib cuda.lib cudadevrt.lib cudart.lib cudart_static.lib cufft.lib cufftw.lib curand.lib cusparse.lib nppc.lib nppi.lib npps.lib nvblas.lib nvcuvid.lib OpenCL.lib kernel32.lib user32.lib gdi32.lib winspool.lib comdlg32.lib advapi32.lib shell32.lib ole32.lib oleaut32.lib uuid.lib odbc32.lib odbccp32.lib /MANIFEST /MANIFESTUAC:"level='asInvoker' uiAccess='false'" /manifest:embed /DEBUG /PDB:"D:\新车代码以及文件\障碍物代码\FastDPM\Debug\FastDPM.pdb" /SUBSYSTEM:CONSOLE /TLBID:1 /DYNAMICBASE /NXCOMPAT /IMPLIB:"D:\新车代码以及文件\障碍物代码\FastDPM\Debug\FastDPM.lib" /MACHINE:X86 Debug\FastDPM.obj
         Debug\loadPyramid.obj
         Debug\main.obj
         Debug\stdafx.obj
         Debug\yuStdDirFiles.obj
     1>FastDPM.obj : error LNK2019: 无法解析的外部符号 "void __cdecl cv::fastFree(void *)" (?fastFree@cv@@YAXPAX@Z)，该符号在函数 "public: __thiscall cv::Mat::~Mat(void)" (??1Mat@cv@@QAE@XZ) 中被引用
     1>loadPyramid.obj : error LNK2001: 无法解析的外部符号 "void __cdecl cv::fastFree(void *)" (?fastFree@cv@@YAXPAX@Z)
     1>main.obj : error LNK2001: 无法解析的外部符号 "void __cdecl cv::fastFree(void *)" (?fastFree@cv@@YAXPAX@Z)
     1>FastDPM.obj : error LNK2019: 无法解析的外部符号 "public: __thiscall cv::_InputArray::_InputArray(class cv::Mat const &)" (??0_InputArray@cv@@QAE@ABVMat@1@@Z)，该符号在函数 "public: void __thiscall FastDPM::detect(class cv::Mat &,float,bool,bool,class std::basic_string<char,struct std::char_traits<char>,class std::allocator<char> >)" (?detect@FastDPM@@QAEXAAVMat@cv@@M_N1V?$basic_string@DU?$char_traits@D@std@@V?$allocator@D@2@@std@@@Z) 中被引用
     1>FastDPM.obj : error LNK2019: 无法解析的外部符号 "public: __thiscall cv::_OutputArray::_OutputArray(class cv::Mat &)" (??0_OutputArray@cv@@QAE@AAVMat@1@@Z)，该符号在函数 "public: class cv::Mat __thiscall FastDPM::prepareImg(class cv::Mat &)" (?prepareImg@FastDPM@@QAE?AVMat@cv@@AAV23@@Z) 中被引用
     1>FastDPM.obj : error LNK2019: 无法解析的外部符号 "public: void __thiscall cv::Mat::convertTo(class cv::_OutputArray const &,int,double,double)const " (?convertTo@Mat@cv@@QBEXABV_OutputArray@2@HNN@Z)，该符号在函数 "public: class cv::Mat __thiscall FastDPM::prepareImg(class cv::Mat &)" (?prepareImg@FastDPM@@QAE?AVMat@cv@@AAV23@@Z) 中被引用
     1>FastDPM.obj : error LNK2019: 无法解析的外部符号 "public: void __thiscall cv::Mat::deallocate(void)" (?deallocate@Mat@cv@@QAEXXZ)，该符号在函数 "public: void __thiscall cv::Mat::release(void)" (?release@Mat@cv@@QAEXXZ) 中被引用
     1>loadPyramid.obj : error LNK2001: 无法解析的外部符号 "public: void __thiscall cv::Mat::deallocate(void)" (?deallocate@Mat@cv@@QAEXXZ)
     1>main.obj : error LNK2001: 无法解析的外部符号 "public: void __thiscall cv::Mat::deallocate(void)" (?deallocate@Mat@cv@@QAEXXZ)
     1>FastDPM.obj : error LNK2019: 无法解析的外部符号 "public: void __thiscall cv::Mat::copySize(class cv::Mat const &)" (?copySize@Mat@cv@@QAEXABV12@@Z)，该符号在函数 "public: __thiscall cv::Mat::Mat(class cv::Mat const &)" (??0Mat@cv@@QAE@ABV01@@Z) 中被引用
     1>loadPyramid.obj : error LNK2001: 无法解析的外部符号 "public: void __thiscall cv::Mat::copySize(class cv::Mat const &)" (?copySize@Mat@cv@@QAEXABV12@@Z)
     1>FastDPM.obj : error LNK2019: 无法解析的外部符号 "int __cdecl cv::_interlockedExchangeAdd(int *,int)" (?_interlockedExchangeAdd@cv@@YAHPAHH@Z)，该符号在函数 "public: __thiscall cv::Mat::Mat(class cv::Mat const &)" (??0Mat@cv@@QAE@ABV01@@Z) 中被引用
     1>loadPyramid.obj : error LNK2001: 无法解析的外部符号 "int __cdecl cv::_interlockedExchangeAdd(int *,int)" (?_interlockedExchangeAdd@cv@@YAHPAHH@Z)
     1>main.obj : error LNK2001: 无法解析的外部符号 "int __cdecl cv::_interlockedExchangeAdd(int *,int)" (?_interlockedExchangeAdd@cv@@YAHPAHH@Z)
     1>FastDPM.obj : error LNK2019: 无法解析的外部符号 "void __cdecl cv::cvtColor(class cv::_InputArray const &,class cv::_OutputArray const &,int,int)" (?cvtColor@cv@@YAXABV_InputArray@1@ABV_OutputArray@1@HH@Z)，该符号在函数 "public: class cv::Mat __thiscall FastDPM::prepareImg(class cv::Mat &)" (?prepareImg@FastDPM@@QAE?AVMat@cv@@AAV23@@Z) 中被引用
     1>FastDPM.obj : error LNK2019: 无法解析的外部符号 "void __cdecl cv::imshow(class std::basic_string<char,struct std::char_traits<char>,class std::allocator<char> > const &,class cv::_InputArray const &)" (?imshow@cv@@YAXABV?$basic_string@DU?$char_traits@D@std@@V?$allocator@D@2@@std@@ABV_InputArray@1@@Z)，该符号在函数 "public: void __thiscall FastDPM::detect(class cv::Mat &,float,bool,bool,class std::basic_string<char,struct std::char_traits<char>,class std::allocator<char> >)" (?detect@FastDPM@@QAEXAAVMat@cv@@M_N1V?$basic_string@DU?$char_traits@D@std@@V?$allocator@D@2@@std@@@Z) 中被引用
     1>FastDPM.obj : error LNK2019: 无法解析的外部符号 "bool __cdecl cv::imwrite(class std::basic_string<char,struct std::char_traits<char>,class std::allocator<char> > const &,class cv::_InputArray const &,class std::vector<int,class std::allocator<int> > const &)" (?imwrite@cv@@YA_NABV?$basic_string@DU?$char_traits@D@std@@V?$allocator@D@2@@std@@ABV_InputArray@1@ABV?$vector@HV?$allocator@H@std@@@3@@Z)，该符号在函数 "public: void __thiscall FastDPM::detect(class cv::Mat &,float,bool,bool,class std::basic_string<char,struct std::char_traits<char>,class std::allocator<char> >)" (?detect@FastDPM@@QAEXAAVMat@cv@@M_N1V?$basic_string@DU?$char_traits@D@std@@V?$allocator@D@2@@std@@@Z) 中被引用
     1>FastDPM.obj : error LNK2019: 无法解析的外部符号 "int __cdecl PM_type::yuGetCurrentTime(char)" (?yuGetCurrentTime@PM_type@@YAHD@Z)，该符号在函数 "public: void __thiscall FastDPM::detect(class cv::Mat &,float,bool,bool,class std::basic_string<char,struct std::char_traits<char>,class std::allocator<char> >)" (?detect@FastDPM@@QAEXAAVMat@cv@@M_N1V?$basic_string@DU?$char_traits@D@std@@V?$allocator@D@2@@std@@@Z) 中被引用
     1>FastDPM.obj : error LNK2019: 无法解析的外部符号 "void __cdecl PM_type::load_model(class std::basic_string<char,struct std::char_traits<char>,class std::allocator<char> >,struct PM_type::MODEL &)" (?load_model@PM_type@@YAXV?$basic_string@DU?$char_traits@D@std@@V?$allocator@D@2@@std@@AAUMODEL@1@@Z)，该符号在函数 "public: __thiscall FastDPM::FastDPM(class std::basic_string<char,struct std::char_traits<char>,class std::allocator<char> >)" (??0FastDPM@@QAE@V?$basic_string@DU?$char_traits@D@std@@V?$allocator@D@2@@std@@@Z) 中被引用
     1>FastDPM.obj : error LNK2019: 无法解析的外部符号 "void __cdecl PM_type::featpyramid(class cv::Mat const &,struct PM_type::MODEL &,struct PM_type::FEATURE_PYRAMID &)" (?featpyramid@PM_type@@YAXABVMat@cv@@AAUMODEL@1@AAUFEATURE_PYRAMID@1@@Z)，该符号在函数 "public: void __thiscall FastDPM::detect(class cv::Mat &,float,bool,bool,class std::basic_string<char,struct std::char_traits<char>,class std::allocator<char> >)" (?detect@FastDPM@@QAEXAAVMat@cv@@M_N1V?$basic_string@DU?$char_traits@D@std@@V?$allocator@D@2@@std@@@Z) 中被引用
     1>FastDPM.obj : error LNK2019: 无法解析的外部符号 "void __cdecl PM_type::analyze_model(struct PM_type::MODEL &)" (?analyze_model@PM_type@@YAXAAUMODEL@1@@Z)，该符号在函数 "public: __thiscall FastDPM::FastDPM(class std::basic_string<char,struct std::char_traits<char>,class std::allocator<char> >)" (??0FastDPM@@QAE@V?$basic_string@DU?$char_traits@D@std@@V?$allocator@D@2@@std@@@Z) 中被引用
     1>FastDPM.obj : error LNK2019: 无法解析的外部符号 "void __cdecl PM_type::update_ruleData(struct PM_type::MODEL &,int)" (?update_ruleData@PM_type@@YAXAAUMODEL@1@H@Z)，该符号在函数 "public: void __thiscall FastDPM::detect(class cv::Mat &,float,bool,bool,class std::basic_string<char,struct std::char_traits<char>,class std::allocator<char> >)" (?detect@FastDPM@@QAEXAAVMat@cv@@M_N1V?$basic_string@DU?$char_traits@D@std@@V?$allocator@D@2@@std@@@Z) 中被引用
     1>FastDPM.obj : error LNK2019: 无法解析的外部符号 "void __cdecl PM_type::apply_rules3(struct PM_type::MODEL &,struct PM_type::FEATURE_PYRAMID &)" (?apply_rules3@PM_type@@YAXAAUMODEL@1@AAUFEATURE_PYRAMID@1@@Z)，该符号在函数 "public: void __thiscall FastDPM::detect(class cv::Mat &,float,bool,bool,class std::basic_string<char,struct std::char_traits<char>,class std::allocator<char> >)" (?detect@FastDPM@@QAEXAAVMat@cv@@M_N1V?$basic_string@DU?$char_traits@D@std@@V?$allocator@D@2@@std@@@Z) 中被引用
     1>FastDPM.obj : error LNK2019: 无法解析的外部符号 "class std::vector<struct PM_type::AlignedArr<float,7>,class std::allocator<struct PM_type::AlignedArr<float,7> > > __cdecl PM_type::parse_detections(struct PM_type::MODEL &,struct PM_type::FEATURE_PYRAMID &,float)" (?parse_detections@PM_type@@YA?AV?$vector@U?$AlignedArr@M$06@PM_type@@V?$allocator@U?$AlignedArr@M$06@PM_type@@@std@@@std@@AAUMODEL@1@AAUFEATURE_PYRAMID@1@M@Z)，该符号在函数 "public: void __thiscall FastDPM::detect(class cv::Mat &,float,bool,bool,class std::basic_string<char,struct std::char_traits<char>,class std::allocator<char> >)" (?detect@FastDPM@@QAEXAAVMat@cv@@M_N1V?$basic_string@DU?$char_traits@D@std@@V?$allocator@D@2@@std@@@Z) 中被引用
     1>FastDPM.obj : error LNK2019: 无法解析的外部符号 "void __cdecl PM_type::draw_img(class cv::Mat &,class std::vector<struct PM_type::AlignedArr<float,7>,class std::allocator<struct PM_type::AlignedArr<float,7> > > &,float)" (?draw_img@PM_type@@YAXAAVMat@cv@@AAV?$vector@U?$AlignedArr@M$06@PM_type@@V?$allocator@U?$AlignedArr@M$06@PM_type@@@std@@@std@@M@Z)，该符号在函数 "public: void __thiscall FastDPM::detect(class cv::Mat &,float,bool,bool,class std::basic_string<char,struct std::char_traits<char>,class std::allocator<char> >)" (?detect@FastDPM@@QAEXAAVMat@cv@@M_N1V?$basic_string@DU?$char_traits@D@std@@V?$allocator@D@2@@std@@@Z) 中被引用
     1>loadPyramid.obj : error LNK2019: 无法解析的外部符号 "public: __thiscall cv::Exception::Exception(int,class std::basic_string<char,struct std::char_traits<char>,class std::allocator<char> > const &,class std::basic_string<char,struct std::char_traits<char>,class std::allocator<char> > const &,class std::basic_string<char,struct std::char_traits<char>,class std::allocator<char> > const &,int)" (??0Exception@cv@@QAE@HABV?$basic_string@DU?$char_traits@D@std@@V?$allocator@D@2@@std@@00H@Z)，该符号在函数 "public: float * __thiscall cv::Mat::ptr<float>(int,int)" (??$ptr@M@Mat@cv@@QAEPAMHH@Z) 中被引用
     1>loadPyramid.obj : error LNK2019: 无法解析的外部符号 "public: virtual __thiscall cv::Exception::~Exception(void)" (??1Exception@cv@@UAE@XZ)，该符号在函数 "public: float * __thiscall cv::Mat::ptr<float>(int,int)" (??$ptr@M@Mat@cv@@QAEPAMHH@Z) 中被引用
     1>loadPyramid.obj : error LNK2019: 无法解析的外部符号 "void __cdecl cv::error(class cv::Exception const &)" (?error@cv@@YAXABVException@1@@Z)，该符号在函数 "public: float * __thiscall cv::Mat::ptr<float>(int,int)" (??$ptr@M@Mat@cv@@QAEPAMHH@Z) 中被引用
     1>loadPyramid.obj : error LNK2019: 无法解析的外部符号 "public: void __thiscall cv::Mat::create(int,int const *,int)" (?create@Mat@cv@@QAEXHPBHH@Z)，该符号在函数 "public: void __thiscall cv::Mat::create(int,int,int)" (?create@Mat@cv@@QAEXHHH@Z) 中被引用
     1>main.obj : error LNK2019: 无法解析的外部符号 "int __cdecl cv::waitKey(int)" (?waitKey@cv@@YAHH@Z)，该符号在函数 _main 中被引用
     1>main.obj : error LNK2019: 无法解析的外部符号 "class cv::Mat __cdecl cv::imread(class std::basic_string<char,struct std::char_traits<char>,class std::allocator<char> > const &,int)" (?imread@cv@@YA?AVMat@1@ABV?$basic_string@DU?$char_traits@D@std@@V?$allocator@D@2@@std@@H@Z)，该符号在函数 _main 中被引用
     1>D:\新车代码以及文件\障碍物代码\FastDPM\Debug\FastDPM.exe : fatal error LNK1120: 24 个无法解析的外部命令
     1>已完成生成项目“D:\新车代码以及文件\障碍物代码\FastDPM\FastDPM\FastDPM.vcxproj”(Rebuild 个目标)的操作 - 失败。

生成失败。

已用时间 00:00:04.30
