d:\fastdpm\fastdpm\x64\release\fastdpm.pch
d:\fastdpm\fastdpm\x64\release\vc120.pdb
d:\fastdpm\fastdpm\x64\release\stdafx.obj
d:\fastdpm\fastdpm\x64\release\features.obj
d:\fastdpm\fastdpm\x64\release\featpyramid2.obj
d:\fastdpm\fastdpm\x64\release\featpyramid.obj
d:\fastdpm\fastdpm\x64\release\fconv.obj
d:\fastdpm\fastdpm\x64\release\draw_img.obj
d:\fastdpm\fastdpm\x64\release\detections_trees2.obj
d:\fastdpm\fastdpm\x64\release\cvpermutate.obj
d:\fastdpm\fastdpm\x64\release\clipboxes.obj
d:\fastdpm\fastdpm\x64\release\bounded_dt2.obj
d:\fastdpm\fastdpm\x64\release\bounded_dt.obj
d:\fastdpm\fastdpm\x64\release\bboxpred_input.obj
d:\fastdpm\fastdpm\x64\release\bboxpred_get.obj
d:\fastdpm\fastdpm\x64\release\apply_rules3.obj
d:\fastdpm\fastdpm\x64\release\apply_rules2.obj
d:\fastdpm\fastdpm\x64\release\apply_rules.obj
d:\fastdpm\fastdpm\x64\release\analyze_model.obj
d:\fastdpm\fastdpm\x64\release\fastdpm.obj
d:\fastdpm\fastdpm\x64\release\yusavemat.obj
d:\fastdpm\fastdpm\x64\release\getcurrenttime.obj
d:\fastdpm\fastdpm\x64\release\cvprint.obj
d:\fastdpm\fastdpm\x64\release\yustddirfiles.obj
d:\fastdpm\fastdpm\x64\release\main.obj
d:\fastdpm\fastdpm\x64\release\loadpyramid.obj
d:\fastdpm\fastdpm\x64\release\yuind2sub.obj
d:\fastdpm\fastdpm\x64\release\sum_score.obj
d:\fastdpm\fastdpm\x64\release\reduceboxes.obj
d:\fastdpm\fastdpm\x64\release\pdollar_nms.obj
d:\fastdpm\fastdpm\x64\release\parse_detections.obj
d:\fastdpm\fastdpm\x64\release\nms.obj
d:\fastdpm\fastdpm\x64\release\model_get_block.obj
d:\fastdpm\fastdpm\x64\release\loc_feat.obj
d:\fastdpm\fastdpm\x64\release\load_model.obj
d:\fastdpm\fastdpm\x64\release\get_score_size.obj
d:\fastdpm\fastdpm\x64\release\flipfeat.obj
d:\fastdpm\fastdpm\x64\release\features14_2.obj
d:\fastdpm\x64\release\fastdpm.exe
d:\fastdpm\x64\release\fastdpm.pdb
d:\fastdpm\fastdpm\x64\release\fastdpm.tlog\cl.command.1.tlog
d:\fastdpm\fastdpm\x64\release\fastdpm.tlog\cl.read.1.tlog
d:\fastdpm\fastdpm\x64\release\fastdpm.tlog\cl.write.1.tlog
d:\fastdpm\fastdpm\x64\release\fastdpm.tlog\link.command.1.tlog
d:\fastdpm\fastdpm\x64\release\fastdpm.tlog\link.read.1.tlog
d:\fastdpm\fastdpm\x64\release\fastdpm.tlog\link.write.1.tlog
